<?xml version="1.0" encoding="UTF-8"?>
<!-- Generated by org.testng.reporters.JUnitReportReporter -->
<testsuite hostname="DGR-QA-RAVINDER" failures="0" tests="1" name="NewTesttwo" time="0.007" errors="0" timestamp="30 Jun 2020 11:58:16 GMT" skipped="0">
  <testcase classname="NewTesttwo" name="test" time="0.007"/>
</testsuite> <!-- NewTesttwo -->
