<?xml version="1.0" encoding="UTF-8"?>
<!-- Generated by org.testng.reporters.JUnitReportReporter -->
<testsuite hostname="DGR-QA-RAVINDER" failures="0" tests="1" name="NewTestthreee" time="0.007" errors="0" timestamp="30 Jun 2020 11:50:41 GMT" skipped="0">
  <testcase classname="NewTestthreee" name="f" time="0.007"/>
</testsuite> <!-- NewTestthreee -->
