<?xml version="1.0" encoding="UTF-8"?>
<!-- Generated by org.testng.reporters.JUnitReportReporter -->
<testsuite hostname="DGR-QA-RAVINDER" failures="0" tests="1" name="test.NewTest" time="0.007" errors="0" timestamp="30 Jun 2020 18:08:31 GMT" skipped="0">
  <testcase classname="test.NewTest" name="test" time="0.007"/>
</testsuite> <!-- test.NewTest -->
