<?xml version="1.0" encoding="UTF-8"?>
<!-- Generated by org.testng.reporters.JUnitReportReporter -->
<testsuite hostname="DGR-QA-RAVINDER" failures="0" tests="1" name="entity.Assert" time="45.986" errors="0" timestamp="02 Aug 2020 08:01:00 GMT" skipped="0">
  <testcase classname="entity.Assert" name="testAssertFunctions" time="45.986"/>
</testsuite> <!-- entity.Assert -->
