<?xml version="1.0" encoding="UTF-8"?>
<!-- Generated by org.testng.reporters.JUnitReportReporter -->
<testsuite hostname="DGR-QA-RAVINDER" failures="0" tests="1" name="test.NewTesttt" time="0.011" errors="0" timestamp="01 Jul 2020 04:40:58 GMT" skipped="0">
  <testcase classname="test.NewTesttt" name="f" time="0.011"/>
</testsuite> <!-- test.NewTesttt -->
